c:\users\anthonin.kadi\desktop\raytracing intro\raytracingintroduction\raytracingintroduction\x64\debug\vc143.pdb
c:\users\anthonin.kadi\desktop\raytracing intro\raytracingintroduction\raytracingintroduction\x64\debug\vc143.idb
c:\users\anthonin.kadi\desktop\raytracing intro\raytracingintroduction\raytracingintroduction\x64\debug\raytracingintroduction.obj
c:\users\anthonin.kadi\desktop\raytracing intro\raytracingintroduction\raytracingintroduction\x64\debug\ray.obj
c:\users\anthonin.kadi\desktop\raytracing intro\raytracingintroduction\raytracingintroduction\x64\debug\utility.obj
c:\users\anthonin.kadi\desktop\raytracing intro\raytracingintroduction\raytracingintroduction\x64\debug\sphere.obj
c:\users\anthonin.kadi\desktop\raytracing intro\raytracingintroduction\raytracingintroduction\x64\debug\hittablecollection.obj
c:\users\anthonin.kadi\desktop\raytracing intro\raytracingintroduction\raytracingintroduction\x64\debug\hittable.obj
c:\users\anthonin.kadi\desktop\raytracing intro\raytracingintroduction\raytracingintroduction\x64\debug\interval.obj
c:\users\anthonin.kadi\desktop\raytracing intro\raytracingintroduction\raytracingintroduction\x64\debug\camera.obj
c:\users\anthonin.kadi\desktop\raytracing intro\raytracingintroduction\raytracingintroduction\x64\debug\metalmaterial.obj
c:\users\anthonin.kadi\desktop\raytracing intro\raytracingintroduction\raytracingintroduction\x64\debug\material.obj
c:\users\anthonin.kadi\desktop\raytracing intro\raytracingintroduction\raytracingintroduction\x64\debug\lambertianmaterial.obj
c:\users\anthonin.kadi\desktop\raytracing intro\raytracingintroduction\x64\debug\raytracingintroduction.exe
c:\users\anthonin.kadi\desktop\raytracing intro\raytracingintroduction\raytracingintroduction\x64\debug\raytracingintroduction.ilk
c:\users\anthonin.kadi\desktop\raytracing intro\raytracingintroduction\x64\debug\raytracingintroduction.pdb
c:\users\anthonin.kadi\desktop\raytracing intro\raytracingintroduction\raytracingintroduction\x64\debug\raytraci.6422be2b.tlog\cl.command.1.tlog
c:\users\anthonin.kadi\desktop\raytracing intro\raytracingintroduction\raytracingintroduction\x64\debug\raytraci.6422be2b.tlog\cl.items.tlog
c:\users\anthonin.kadi\desktop\raytracing intro\raytracingintroduction\raytracingintroduction\x64\debug\raytraci.6422be2b.tlog\cl.read.1.tlog
c:\users\anthonin.kadi\desktop\raytracing intro\raytracingintroduction\raytracingintroduction\x64\debug\raytraci.6422be2b.tlog\cl.write.1.tlog
c:\users\anthonin.kadi\desktop\raytracing intro\raytracingintroduction\raytracingintroduction\x64\debug\raytraci.6422be2b.tlog\link.command.1.tlog
c:\users\anthonin.kadi\desktop\raytracing intro\raytracingintroduction\raytracingintroduction\x64\debug\raytraci.6422be2b.tlog\link.read.1.tlog
c:\users\anthonin.kadi\desktop\raytracing intro\raytracingintroduction\raytracingintroduction\x64\debug\raytraci.6422be2b.tlog\link.write.1.tlog
